<?xml version="1.0" encoding="UTF-8"?>
<testng-results skipped="0" failed="0" total="1" passed="1">
  <reporter-output>
  </reporter-output>
  <suite name="Default suite" duration-ms="202174" started-at="2022-12-07T07:28:48Z" finished-at="2022-12-07T07:32:10Z">
    <groups>
    </groups>
    <test name="Default test" duration-ms="202174" started-at="2022-12-07T07:28:48Z" finished-at="2022-12-07T07:32:10Z">
      <class name="utility1.RegisterStudentExcelTest">
        <test-method status="PASS" signature="RegistrationDataDrivernTest()[pri:0, instance:utility1.RegisterStudentExcelTest@34b7bfc0]" name="RegistrationDataDrivernTest" duration-ms="202143" started-at="2022-12-06T23:28:48Z" finished-at="2022-12-06T23:32:10Z">
          <reporter-output>
          </reporter-output>
        </test-method> <!-- RegistrationDataDrivernTest -->
      </class> <!-- utility1.RegisterStudentExcelTest -->
    </test> <!-- Default test -->
  </suite> <!-- Default suite -->
</testng-results>
